<?xml version="1.0" encoding="utf-8"?>
<test-run id="2" testcasecount="19" result="Passed" total="19" passed="19" failed="0" inconclusive="0" skipped="0" asserts="0" engine-version="3.5.0.0" clr-version="4.0.30319.42000" start-time="2026-08-01 09:42:44Z" end-time="2026-08-01 09:42:46Z" duration="2.2840378">
  <test-suite type="TestSuite" id="1000" name="Wonder Squad" fullname="Wonder Squad" runstate="Runnable" testcasecount="19" result="Passed" start-time="2026-08-01 09:42:44Z" end-time="2026-08-01 09:42:46Z" duration="2.284038" total="19" passed="19" failed="0" inconclusive="0" skipped="0" asserts="0">
    <properties>
      <property name="platform" value="EditMode" />
    </properties>
    <test-suite type="Assembly" id="1016" name="WonderSquad.Tests.ContentValidation.dll" fullname="H:/gty/game/WonderSquad/Client/Library/ScriptAssemblies/WonderSquad.Tests.ContentValidation.dll" runstate="Runnable" testcasecount="8" result="Passed" start-time="2026-08-01 09:42:44Z" end-time="2026-08-01 09:42:44Z" duration="0.045248" total="8" passed="8" failed="0" inconclusive="0" skipped="0" asserts="0">
      <properties>
        <property name="_PID" value="22276" />
        <property name="_APPDOMAIN" value="Unity Child Domain" />
        <property name="platform" value="EditMode" />
        <property name="EditorOnly" value="True" />
      </properties>
      <test-suite type="TestSuite" id="1017" name="WonderSquad" fullname="WonderSquad" runstate="Runnable" testcasecount="8" result="Passed" start-time="2026-08-01 09:42:44Z" end-time="2026-08-01 09:42:44Z" duration="0.044393" total="8" passed="8" failed="0" inconclusive="0" skipped="0" asserts="0">
        <properties />
        <test-suite type="TestSuite" id="1018" name="Tests" fullname="WonderSquad.Tests" runstate="Runnable" testcasecount="8" result="Passed" start-time="2026-08-01 09:42:44Z" end-time="2026-08-01 09:42:44Z" duration="0.044189" total="8" passed="8" failed="0" inconclusive="0" skipped="0" asserts="0">
          <properties />
          <test-suite type="TestSuite" id="1019" name="ContentValidation" fullname="WonderSquad.Tests.ContentValidation" runstate="Runnable" testcasecount="8" result="Passed" start-time="2026-08-01 09:42:44Z" end-time="2026-08-01 09:42:44Z" duration="0.044010" total="8" passed="8" failed="0" inconclusive="0" skipped="0" asserts="0">
            <properties />
            <test-suite type="TestFixture" id="1006" name="ContentValidatorTests" fullname="WonderSquad.Tests.ContentValidation.ContentValidatorTests" classname="WonderSquad.Tests.ContentValidation.ContentValidatorTests" runstate="Runnable" testcasecount="8" result="Passed" start-time="2026-08-01 09:42:44Z" end-time="2026-08-01 09:42:44Z" duration="0.042926" total="8" passed="8" failed="0" inconclusive="0" skipped="0" asserts="0">
              <properties />
              <test-suite type="ParameterizedMethod" id="1015" name="IsStableIdFormatValid_UsesLowerCaseDotSeparatedTokens" fullname="WonderSquad.Tests.ContentValidation.ContentValidatorTests.IsStableIdFormatValid_UsesLowerCaseDotSeparatedTokens" classname="WonderSquad.Tests.ContentValidation.ContentValidatorTests" runstate="Runnable" testcasecount="5" result="Passed" start-time="2026-08-01 09:42:44Z" end-time="2026-08-01 09:42:44Z" duration="0.026352" total="5" passed="5" failed="0" inconclusive="0" skipped="0" asserts="0">
                <properties />
                <test-case id="1010" name="IsStableIdFormatValid_UsesLowerCaseDotSeparatedTokens(&quot;level.sleeping_forest&quot;,True)" fullname="WonderSquad.Tests.ContentValidation.ContentValidatorTests.IsStableIdFormatValid_UsesLowerCaseDotSeparatedTokens(&quot;level.sleeping_forest&quot;,True)" methodname="IsStableIdFormatValid_UsesLowerCaseDotSeparatedTokens" classname="WonderSquad.Tests.ContentValidation.ContentValidatorTests" runstate="Runnable" seed="1562292197" result="Passed" start-time="2026-08-01 09:42:44Z" end-time="2026-08-01 09:42:44Z" duration="0.018025" asserts="0">
                  <properties>
                    <property name="retryIteration" value="0" />
                    <property name="repeatIteration" value="0" />
                  </properties>
                </test-case>
                <test-case id="1011" name="IsStableIdFormatValid_UsesLowerCaseDotSeparatedTokens(&quot;ability.explorer.anchor_route&quot;,True)" fullname="WonderSquad.Tests.ContentValidation.ContentValidatorTests.IsStableIdFormatValid_UsesLowerCaseDotSeparatedTokens(&quot;ability.explorer.anchor_route&quot;,True)" methodname="IsStableIdFormatValid_UsesLowerCaseDotSeparatedTokens" classname="WonderSquad.Tests.ContentValidation.ContentValidatorTests" runstate="Runnable" seed="1485337971" result="Passed" start-time="2026-08-01 09:42:44Z" end-time="2026-08-01 09:42:44Z" duration="0.000262" asserts="0">
                  <properties>
                    <property name="retryIteration" value="0" />
                    <property name="repeatIteration" value="0" />
                  </properties>
                </test-case>
                <test-case id="1012" name="IsStableIdFormatValid_UsesLowerCaseDotSeparatedTokens(&quot;Level.SleepingForest&quot;,False)" fullname="WonderSquad.Tests.ContentValidation.ContentValidatorTests.IsStableIdFormatValid_UsesLowerCaseDotSeparatedTokens(&quot;Level.SleepingForest&quot;,False)" methodname="IsStableIdFormatValid_UsesLowerCaseDotSeparatedTokens" classname="WonderSquad.Tests.ContentValidation.ContentValidatorTests" runstate="Runnable" seed="1637034014" result="Passed" start-time="2026-08-01 09:42:44Z" end-time="2026-08-01 09:42:44Z" duration="0.000149" asserts="0">
                  <properties>
                    <property name="retryIteration" value="0" />
                    <property name="repeatIteration" value="0" />
                  </properties>
                </test-case>
                <test-case id="1013" name="IsStableIdFormatValid_UsesLowerCaseDotSeparatedTokens(&quot;level..test&quot;,False)" fullname="WonderSquad.Tests.ContentValidation.ContentValidatorTests.IsStableIdFormatValid_UsesLowerCaseDotSeparatedTokens(&quot;level..test&quot;,False)" methodname="IsStableIdFormatValid_UsesLowerCaseDotSeparatedTokens" classname="WonderSquad.Tests.ContentValidation.ContentValidatorTests" runstate="Runnable" seed="1174733956" result="Passed" start-time="2026-08-01 09:42:44Z" end-time="2026-08-01 09:42:44Z" duration="0.000109" asserts="0">
                  <properties>
                    <property name="retryIteration" value="0" />
                    <property name="repeatIteration" value="0" />
                  </properties>
                </test-case>
                <test-case id="1014" name="IsStableIdFormatValid_UsesLowerCaseDotSeparatedTokens(&quot;.level&quot;,False)" fullname="WonderSquad.Tests.ContentValidation.ContentValidatorTests.IsStableIdFormatValid_UsesLowerCaseDotSeparatedTokens(&quot;.level&quot;,False)" methodname="IsStableIdFormatValid_UsesLowerCaseDotSeparatedTokens" classname="WonderSquad.Tests.ContentValidation.ContentValidatorTests" runstate="Runnable" seed="1074466025" result="Passed" start-time="2026-08-01 09:42:44Z" end-time="2026-08-01 09:42:44Z" duration="0.000076" asserts="0">
                  <properties>
                    <property name="retryIteration" value="0" />
                    <property name="repeatIteration" value="0" />
                  </properties>
                </test-case>
              </test-suite>
              <test-case id="1007" name="Validate_AcceptsUniqueStableIds" fullname="WonderSquad.Tests.ContentValidation.ContentValidatorTests.Validate_AcceptsUniqueStableIds" methodname="Validate_AcceptsUniqueStableIds" classname="WonderSquad.Tests.ContentValidation.ContentValidatorTests" runstate="Runnable" seed="1051615396" result="Passed" start-time="2026-08-01 09:42:44Z" end-time="2026-08-01 09:42:44Z" duration="0.002938" asserts="0">
                <properties>
                  <property name="retryIteration" value="0" />
                  <property name="repeatIteration" value="0" />
                </properties>
              </test-case>
              <test-case id="1008" name="Validate_ReportsEmptyAndDuplicateIds" fullname="WonderSquad.Tests.ContentValidation.ContentValidatorTests.Validate_ReportsEmptyAndDuplicateIds" methodname="Validate_ReportsEmptyAndDuplicateIds" classname="WonderSquad.Tests.ContentValidation.ContentValidatorTests" runstate="Runnable" seed="1232769305" result="Passed" start-time="2026-08-01 09:42:44Z" end-time="2026-08-01 09:42:44Z" duration="0.001924" asserts="0">
                <properties>
                  <property name="retryIteration" value="0" />
                  <property name="repeatIteration" value="0" />
                </properties>
              </test-case>
              <test-case id="1009" name="Validate_ReportsMissingReferences" fullname="WonderSquad.Tests.ContentValidation.ContentValidatorTests.Validate_ReportsMissingReferences" methodname="Validate_ReportsMissingReferences" classname="WonderSquad.Tests.ContentValidation.ContentValidatorTests" runstate="Runnable" seed="348806920" result="Passed" start-time="2026-08-01 09:42:44Z" end-time="2026-08-01 09:42:44Z" duration="0.000518" asserts="0">
                <properties>
                  <property name="retryIteration" value="0" />
                  <property name="repeatIteration" value="0" />
                </properties>
              </test-case>
            </test-suite>
          </test-suite>
        </test-suite>
      </test-suite>
    </test-suite>
    <test-suite type="Assembly" id="1036" name="WonderSquad.Tests.EditMode.dll" fullname="H:/gty/game/WonderSquad/Client/Library/ScriptAssemblies/WonderSquad.Tests.EditMode.dll" runstate="Runnable" testcasecount="11" result="Passed" start-time="2026-08-01 09:42:44Z" end-time="2026-08-01 09:42:46Z" duration="2.229153" total="11" passed="11" failed="0" inconclusive="0" skipped="0" asserts="0">
      <properties>
        <property name="_PID" value="22276" />
        <property name="_APPDOMAIN" value="Unity Child Domain" />
        <property name="platform" value="EditMode" />
        <property name="EditorOnly" value="True" />
      </properties>
      <test-suite type="TestSuite" id="1037" name="WonderSquad" fullname="WonderSquad" runstate="Runnable" testcasecount="11" result="Passed" start-time="2026-08-01 09:42:44Z" end-time="2026-08-01 09:42:46Z" duration="2.228794" total="11" passed="11" failed="0" inconclusive="0" skipped="0" asserts="0">
        <properties />
        <test-suite type="TestSuite" id="1038" name="Tests" fullname="WonderSquad.Tests" runstate="Runnable" testcasecount="11" result="Passed" start-time="2026-08-01 09:42:44Z" end-time="2026-08-01 09:42:46Z" duration="2.228685" total="11" passed="11" failed="0" inconclusive="0" skipped="0" asserts="0">
          <properties />
          <test-suite type="TestSuite" id="1039" name="EditMode" fullname="WonderSquad.Tests.EditMode" runstate="Runnable" testcasecount="11" result="Passed" start-time="2026-08-01 09:42:44Z" end-time="2026-08-01 09:42:46Z" duration="2.228561" total="11" passed="11" failed="0" inconclusive="0" skipped="0" asserts="0">
            <properties />
            <test-suite type="TestFixture" id="1020" name="P0ProjectSetupTests" fullname="WonderSquad.Tests.EditMode.P0ProjectSetupTests" classname="WonderSquad.Tests.EditMode.P0ProjectSetupTests" runstate="Runnable" testcasecount="4" result="Passed" start-time="2026-08-01 09:42:44Z" end-time="2026-08-01 09:42:46Z" duration="1.927580" total="4" passed="4" failed="0" inconclusive="0" skipped="0" asserts="0">
              <properties />
              <test-case id="1024" name="AutomaticSetup_UsesCreateMissingOnlyMode" fullname="WonderSquad.Tests.EditMode.P0ProjectSetupTests.AutomaticSetup_UsesCreateMissingOnlyMode" methodname="AutomaticSetup_UsesCreateMissingOnlyMode" classname="WonderSquad.Tests.EditMode.P0ProjectSetupTests" runstate="Runnable" seed="2040192233" result="Passed" start-time="2026-08-01 09:42:44Z" end-time="2026-08-01 09:42:44Z" duration="0.520828" asserts="0">
                <properties>
                  <property name="retryIteration" value="0" />
                  <property name="repeatIteration" value="0" />
                </properties>
              </test-case>
              <test-case id="1021" name="EnsureP0SceneExists_WhenMissing_CreatesScene" fullname="WonderSquad.Tests.EditMode.P0ProjectSetupTests.EnsureP0SceneExists_WhenMissing_CreatesScene" methodname="EnsureP0SceneExists_WhenMissing_CreatesScene" classname="WonderSquad.Tests.EditMode.P0ProjectSetupTests" runstate="Runnable" seed="1347390828" result="Passed" start-time="2026-08-01 09:42:44Z" end-time="2026-08-01 09:42:45Z" duration="0.467939" asserts="0">
                <properties>
                  <property name="retryIteration" value="0" />
                  <property name="repeatIteration" value="0" />
                </properties>
                <output><![CDATA[[WonderSquad] Created missing P0 scene: Assets/WonderSquad/Tests/EditMode/P0ProjectSetupTestTemp/1f4d8ee9100d4cba8d8ac6488a9d3cc0/TestScene.unity
]]></output>
              </test-case>
              <test-case id="1022" name="EnsureP0SceneExists_WhenPresent_DoesNotOverwriteScene" fullname="WonderSquad.Tests.EditMode.P0ProjectSetupTests.EnsureP0SceneExists_WhenPresent_DoesNotOverwriteScene" methodname="EnsureP0SceneExists_WhenPresent_DoesNotOverwriteScene" classname="WonderSquad.Tests.EditMode.P0ProjectSetupTests" runstate="Runnable" seed="1279548589" result="Passed" start-time="2026-08-01 09:42:45Z" end-time="2026-08-01 09:42:45Z" duration="0.491507" asserts="0">
                <properties>
                  <property name="retryIteration" value="0" />
                  <property name="repeatIteration" value="0" />
                </properties>
                <output><![CDATA[[WonderSquad] P0 scene already exists; skipped without changes: Assets/WonderSquad/Tests/EditMode/P0ProjectSetupTestTemp/d2e3ba1f34b84d019bd02d1a9f8c017a/TestScene.unity
]]></output>
              </test-case>
              <test-case id="1023" name="EnsureP0SceneExists_WhenRepeated_DoesNotChangeExistingScene" fullname="WonderSquad.Tests.EditMode.P0ProjectSetupTests.EnsureP0SceneExists_WhenRepeated_DoesNotChangeExistingScene" methodname="EnsureP0SceneExists_WhenRepeated_DoesNotChangeExistingScene" classname="WonderSquad.Tests.EditMode.P0ProjectSetupTests" runstate="Runnable" seed="383481753" result="Passed" start-time="2026-08-01 09:42:45Z" end-time="2026-08-01 09:42:46Z" duration="0.444738" asserts="0">
                <properties>
                  <property name="retryIteration" value="0" />
                  <property name="repeatIteration" value="0" />
                </properties>
                <output><![CDATA[[WonderSquad] Created missing P0 scene: Assets/WonderSquad/Tests/EditMode/P0ProjectSetupTestTemp/4c258463764b4ebfa2147dddb9797bef/TestScene.unity
[WonderSquad] P0 scene already exists; skipped without changes: Assets/WonderSquad/Tests/EditMode/P0ProjectSetupTestTemp/4c258463764b4ebfa2147dddb9797bef/TestScene.unity
]]></output>
              </test-case>
            </test-suite>
            <test-suite type="TestFixture" id="1025" name="P0ProjectValidatorTests" fullname="WonderSquad.Tests.EditMode.P0ProjectValidatorTests" classname="WonderSquad.Tests.EditMode.P0ProjectValidatorTests" runstate="Runnable" testcasecount="1" result="Passed" start-time="2026-08-01 09:42:46Z" end-time="2026-08-01 09:42:46Z" duration="0.022332" total="1" passed="1" failed="0" inconclusive="0" skipped="0" asserts="0">
              <properties />
              <test-case id="1026" name="ProjectSkeleton_HasRequiredScenesAndInputConfiguration" fullname="WonderSquad.Tests.EditMode.P0ProjectValidatorTests.ProjectSkeleton_HasRequiredScenesAndInputConfiguration" methodname="ProjectSkeleton_HasRequiredScenesAndInputConfiguration" classname="WonderSquad.Tests.EditMode.P0ProjectValidatorTests" runstate="Runnable" seed="1313645132" result="Passed" start-time="2026-08-01 09:42:46Z" end-time="2026-08-01 09:42:46Z" duration="0.009559" asserts="0">
                <properties>
                  <property name="retryIteration" value="0" />
                  <property name="repeatIteration" value="0" />
                </properties>
              </test-case>
            </test-suite>
            <test-suite type="TestFixture" id="1027" name="PlayerSpawnConfigurationTests" fullname="WonderSquad.Tests.EditMode.PlayerSpawnConfigurationTests" classname="WonderSquad.Tests.EditMode.PlayerSpawnConfigurationTests" runstate="Runnable" testcasecount="2" result="Passed" start-time="2026-08-01 09:42:46Z" end-time="2026-08-01 09:42:46Z" duration="0.266262" total="2" passed="2" failed="0" inconclusive="0" skipped="0" asserts="0">
              <properties />
              <test-case id="1028" name="PlayerPrefab_IsAValidPrefabAsset" fullname="WonderSquad.Tests.EditMode.PlayerSpawnConfigurationTests.PlayerPrefab_IsAValidPrefabAsset" methodname="PlayerPrefab_IsAValidPrefabAsset" classname="WonderSquad.Tests.EditMode.PlayerSpawnConfigurationTests" runstate="Runnable" seed="1406330636" result="Passed" start-time="2026-08-01 09:42:46Z" end-time="2026-08-01 09:42:46Z" duration="0.002185" asserts="0">
                <properties>
                  <property name="retryIteration" value="0" />
                  <property name="repeatIteration" value="0" />
                </properties>
              </test-case>
              <test-case id="1029" name="PlayerSandbox_HasValidSpawnConfiguration" fullname="WonderSquad.Tests.EditMode.PlayerSpawnConfigurationTests.PlayerSandbox_HasValidSpawnConfiguration" methodname="PlayerSandbox_HasValidSpawnConfiguration" classname="WonderSquad.Tests.EditMode.PlayerSpawnConfigurationTests" runstate="Runnable" seed="1659949315" result="Passed" start-time="2026-08-01 09:42:46Z" end-time="2026-08-01 09:42:46Z" duration="0.262939" asserts="0">
                <properties>
                  <property name="retryIteration" value="0" />
                  <property name="repeatIteration" value="0" />
                </properties>
              </test-case>
            </test-suite>
            <test-suite type="TestFixture" id="1030" name="ProjectConstantsTests" fullname="WonderSquad.Tests.EditMode.ProjectConstantsTests" classname="WonderSquad.Tests.EditMode.ProjectConstantsTests" runstate="Runnable" testcasecount="2" result="Passed" start-time="2026-08-01 09:42:46Z" end-time="2026-08-01 09:42:46Z" duration="0.006411" total="2" passed="2" failed="0" inconclusive="0" skipped="0" asserts="0">
              <properties />
              <test-case id="1032" name="InputActions_ExposeTheP0SemanticSet" fullname="WonderSquad.Tests.EditMode.ProjectConstantsTests.InputActions_ExposeTheP0SemanticSet" methodname="InputActions_ExposeTheP0SemanticSet" classname="WonderSquad.Tests.EditMode.ProjectConstantsTests" runstate="Runnable" seed="1357827736" result="Passed" start-time="2026-08-01 09:42:46Z" end-time="2026-08-01 09:42:46Z" duration="0.001886" asserts="0">
                <properties>
                  <property name="retryIteration" value="0" />
                  <property name="repeatIteration" value="0" />
                </properties>
              </test-case>
              <test-case id="1031" name="RequiredProjectPaths_AreUnityAssetPaths" fullname="WonderSquad.Tests.EditMode.ProjectConstantsTests.RequiredProjectPaths_AreUnityAssetPaths" methodname="RequiredProjectPaths_AreUnityAssetPaths" classname="WonderSquad.Tests.EditMode.ProjectConstantsTests" runstate="Runnable" seed="1357811069" result="Passed" start-time="2026-08-01 09:42:46Z" end-time="2026-08-01 09:42:46Z" duration="0.000717" asserts="0">
                <properties>
                  <property name="retryIteration" value="0" />
                  <property name="repeatIteration" value="0" />
                </properties>
              </test-case>
            </test-suite>
            <test-suite type="TestFixture" id="1033" name="ProjectLogTests" fullname="WonderSquad.Tests.EditMode.ProjectLogTests" classname="WonderSquad.Tests.EditMode.ProjectLogTests" runstate="Runnable" testcasecount="2" result="Passed" start-time="2026-08-01 09:42:46Z" end-time="2026-08-01 09:42:46Z" duration="0.005366" total="2" passed="2" failed="0" inconclusive="0" skipped="0" asserts="0">
              <properties />
              <test-case id="1034" name="Configure_RoutesMessagesToTheSelectedLogger" fullname="WonderSquad.Tests.EditMode.ProjectLogTests.Configure_RoutesMessagesToTheSelectedLogger" methodname="Configure_RoutesMessagesToTheSelectedLogger" classname="WonderSquad.Tests.EditMode.ProjectLogTests" runstate="Runnable" seed="1467613435" result="Passed" start-time="2026-08-01 09:42:46Z" end-time="2026-08-01 09:42:46Z" duration="0.001659" asserts="0">
                <properties>
                  <property name="retryIteration" value="0" />
                  <property name="repeatIteration" value="0" />
                </properties>
              </test-case>
              <test-case id="1035" name="Configure_WithNull_UsesSafeNoOpLogger" fullname="WonderSquad.Tests.EditMode.ProjectLogTests.Configure_WithNull_UsesSafeNoOpLogger" methodname="Configure_WithNull_UsesSafeNoOpLogger" classname="WonderSquad.Tests.EditMode.ProjectLogTests" runstate="Runnable" seed="709118720" result="Passed" start-time="2026-08-01 09:42:46Z" end-time="2026-08-01 09:42:46Z" duration="0.002086" asserts="0">
                <properties>
                  <property name="retryIteration" value="0" />
                  <property name="repeatIteration" value="0" />
                </properties>
                <output><![CDATA[Saving results to: C:/Users/ZhuanZ/AppData/LocalLow/Wonder Squad/Wonder Squad\TestResults.xml
]]></output>
              </test-case>
            </test-suite>
          </test-suite>
        </test-suite>
      </test-suite>
    </test-suite>
  </test-suite>
</test-run>