<?xml version="1.0" encoding="utf-8"?>
<test-run id="2" testcasecount="2" result="Passed" total="2" passed="2" failed="0" inconclusive="0" skipped="0" asserts="0" engine-version="3.5.0.0" clr-version="4.0.30319.42000" start-time="2026-08-01 09:47:35Z" end-time="2026-08-01 09:47:35Z" duration="0.2481112">
  <test-suite type="TestSuite" id="1000" name="Wonder Squad" fullname="Wonder Squad" runstate="Runnable" testcasecount="19" result="Passed" start-time="2026-08-01 09:47:35Z" end-time="2026-08-01 09:47:35Z" duration="0.248111" total="2" passed="2" failed="0" inconclusive="0" skipped="0" asserts="0">
    <properties>
      <property name="platform" value="EditMode" />
    </properties>
    <test-suite type="Assembly" id="1036" name="WonderSquad.Tests.EditMode.dll" fullname="H:/gty/game/WonderSquad/Client/Library/ScriptAssemblies/WonderSquad.Tests.EditMode.dll" runstate="Runnable" testcasecount="11" result="Passed" start-time="2026-08-01 09:47:35Z" end-time="2026-08-01 09:47:35Z" duration="0.240628" total="2" passed="2" failed="0" inconclusive="0" skipped="0" asserts="0">
      <properties>
        <property name="_PID" value="25968" />
        <property name="_APPDOMAIN" value="Unity Child Domain" />
        <property name="platform" value="EditMode" />
        <property name="EditorOnly" value="True" />
      </properties>
      <test-suite type="TestSuite" id="1037" name="WonderSquad" fullname="WonderSquad" runstate="Runnable" testcasecount="11" result="Passed" start-time="2026-08-01 09:47:35Z" end-time="2026-08-01 09:47:35Z" duration="0.240057" total="2" passed="2" failed="0" inconclusive="0" skipped="0" asserts="0">
        <properties />
        <test-suite type="TestSuite" id="1038" name="Tests" fullname="WonderSquad.Tests" runstate="Runnable" testcasecount="11" result="Passed" start-time="2026-08-01 09:47:35Z" end-time="2026-08-01 09:47:35Z" duration="0.239815" total="2" passed="2" failed="0" inconclusive="0" skipped="0" asserts="0">
          <properties />
          <test-suite type="TestSuite" id="1039" name="EditMode" fullname="WonderSquad.Tests.EditMode" runstate="Runnable" testcasecount="11" result="Passed" start-time="2026-08-01 09:47:35Z" end-time="2026-08-01 09:47:35Z" duration="0.239563" total="2" passed="2" failed="0" inconclusive="0" skipped="0" asserts="0">
            <properties />
            <test-suite type="TestFixture" id="1027" name="PlayerSpawnConfigurationTests" fullname="WonderSquad.Tests.EditMode.PlayerSpawnConfigurationTests" classname="WonderSquad.Tests.EditMode.PlayerSpawnConfigurationTests" runstate="Runnable" testcasecount="2" result="Passed" start-time="2026-08-01 09:47:35Z" end-time="2026-08-01 09:47:35Z" duration="0.237723" total="2" passed="2" failed="0" inconclusive="0" skipped="0" asserts="0">
              <properties />
              <test-case id="1028" name="PlayerPrefab_IsAValidPrefabAsset" fullname="WonderSquad.Tests.EditMode.PlayerSpawnConfigurationTests.PlayerPrefab_IsAValidPrefabAsset" methodname="PlayerPrefab_IsAValidPrefabAsset" classname="WonderSquad.Tests.EditMode.PlayerSpawnConfigurationTests" runstate="Runnable" seed="984618398" result="Passed" start-time="2026-08-01 09:47:35Z" end-time="2026-08-01 09:47:35Z" duration="0.016292" asserts="0">
                <properties>
                  <property name="retryIteration" value="0" />
                  <property name="repeatIteration" value="0" />
                </properties>
              </test-case>
              <test-case id="1029" name="PlayerSandbox_HasValidSpawnConfiguration" fullname="WonderSquad.Tests.EditMode.PlayerSpawnConfigurationTests.PlayerSandbox_HasValidSpawnConfiguration" methodname="PlayerSandbox_HasValidSpawnConfiguration" classname="WonderSquad.Tests.EditMode.PlayerSpawnConfigurationTests" runstate="Runnable" seed="1199391899" result="Passed" start-time="2026-08-01 09:47:35Z" end-time="2026-08-01 09:47:35Z" duration="0.207555" asserts="0">
                <properties>
                  <property name="retryIteration" value="0" />
                  <property name="repeatIteration" value="0" />
                </properties>
                <output><![CDATA[Saving results to: C:/Users/ZhuanZ/AppData/LocalLow/Wonder Squad/Wonder Squad\TestResults.xml
]]></output>
              </test-case>
            </test-suite>
          </test-suite>
        </test-suite>
      </test-suite>
    </test-suite>
  </test-suite>
</test-run>